[NX Daemon Server] - 2024-09-04T20:56:09.952Z - Started listening on: /var/folders/sj/frzx2sjd0591l8y9jrflvd2c0000gn/T/0b7afa2eedb615b789e4/d.sock
[NX Daemon Server] - 2024-09-04T20:56:09.954Z - [WATCHER]: Subscribed to changes within: /Users/robchang/Projects/aa-sdk (native)
[NX Daemon Server] - 2024-09-04T20:56:09.954Z - Established a connection. Number of open connections: 1
[NX Daemon Server] - 2024-09-04T20:56:09.955Z - Established a connection. Number of open connections: 2
[NX Daemon Server] - 2024-09-04T20:56:09.956Z - Closed a connection. Number of open connections: 1
[NX Daemon Server] - 2024-09-04T20:56:09.957Z - [REQUEST]: Responding to the client. Shutdown initiated
[NX Daemon Server] - 2024-09-04T20:56:09.957Z - Done responding to the client Shutdown initiated
[NX Daemon Server] - 2024-09-04T20:56:09.957Z - Handled FORCE_SHUTDOWN. Handling time: 1. Response time: 0.
[NX Daemon Server] - 2024-09-04T20:56:09.957Z - [WATCHER]: Stopping the watcher for /Users/robchang/Projects/aa-sdk (sources)
[NX Daemon Server] - 2024-09-04T20:56:09.958Z - Closed a connection. Number of open connections: 0
[NX Daemon Server] - 2024-09-04T20:56:09.958Z - [WATCHER]: Stopping the watcher for /Users/robchang/Projects/aa-sdk (outputs)
[NX Daemon Server] - 2024-09-04T20:59:43.004Z - Started listening on: /var/folders/sj/frzx2sjd0591l8y9jrflvd2c0000gn/T/0b7afa2eedb615b789e4/d.sock
[NX Daemon Server] - 2024-09-04T20:59:43.006Z - [WATCHER]: Subscribed to changes within: /Users/robchang/Projects/aa-sdk (native)
[NX Daemon Server] - 2024-09-04T20:59:43.014Z - Established a connection. Number of open connections: 1
[NX Daemon Server] - 2024-09-04T20:59:43.015Z - Established a connection. Number of open connections: 2
[NX Daemon Server] - 2024-09-04T20:59:43.016Z - Closed a connection. Number of open connections: 1
[NX Daemon Server] - 2024-09-04T20:59:43.016Z - [REQUEST]: Responding to the client. Shutdown initiated
[NX Daemon Server] - 2024-09-04T20:59:43.016Z - Done responding to the client Shutdown initiated
[NX Daemon Server] - 2024-09-04T20:59:43.017Z - Handled FORCE_SHUTDOWN. Handling time: 0. Response time: 1.
[NX Daemon Server] - 2024-09-04T20:59:43.018Z - Closed a connection. Number of open connections: 0
[NX Daemon Server] - 2024-09-04T20:59:43.019Z - [WATCHER]: Stopping the watcher for /Users/robchang/Projects/aa-sdk (sources)
[NX Daemon Server] - 2024-09-04T20:59:43.019Z - [WATCHER]: Stopping the watcher for /Users/robchang/Projects/aa-sdk (outputs)
[NX Daemon Server] - 2024-09-04T20:59:44.519Z - Started listening on: /var/folders/sj/frzx2sjd0591l8y9jrflvd2c0000gn/T/0b7afa2eedb615b789e4/d.sock
[NX Daemon Server] - 2024-09-04T20:59:44.522Z - [WATCHER]: Subscribed to changes within: /Users/robchang/Projects/aa-sdk (native)
[NX Daemon Server] - 2024-09-04T20:59:44.523Z - Established a connection. Number of open connections: 1
[NX Daemon Server] - 2024-09-04T20:59:44.523Z - Established a connection. Number of open connections: 2
[NX Daemon Server] - 2024-09-04T20:59:44.524Z - Closed a connection. Number of open connections: 1
[NX Daemon Server] - 2024-09-04T20:59:44.525Z - [REQUEST]: Client Request for Project Graph Received
[NX Daemon Server] - 2024-09-04T20:59:44.622Z - [REQUEST]: Updated workspace context based on watched changes, recomputing project graph...
[NX Daemon Server] - 2024-09-04T20:59:44.622Z - [REQUEST]: 
[NX Daemon Server] - 2024-09-04T20:59:44.622Z - [REQUEST]: 
[NX Daemon Server] - 2024-09-04T20:59:44.627Z - Time taken for 'loadNxPlugins' 95.66000000000001ms
[NX Daemon Server] - 2024-09-04T20:59:44.884Z - Time taken for 'build-project-configs' 247.748375ms
[NX Daemon Server] - 2024-09-04T20:59:44.922Z - [SYNC]: collect registered sync generators
[NX Daemon Server] - 2024-09-04T20:59:44.922Z - [SYNC]: scheduling: []
[NX Daemon Server] - 2024-09-04T20:59:44.922Z - [REQUEST]: Responding to the client. project-graph
[NX Daemon Server] - 2024-09-04T20:59:44.923Z - Time taken for 'total for creating and serializing project graph' 397.786834ms
[NX Daemon Server] - 2024-09-04T20:59:44.926Z - Done responding to the client project-graph
[NX Daemon Server] - 2024-09-04T20:59:44.926Z - Handled REQUEST_PROJECT_GRAPH. Handling time: 397. Response time: 4.
[NX Daemon Server] - 2024-09-04T20:59:45.064Z - [REQUEST]: Client Request for Project Graph Received
[NX Daemon Server] - 2024-09-04T20:59:45.064Z - [REQUEST]: Responding to the client. project-graph
[NX Daemon Server] - 2024-09-04T20:59:45.065Z - Time taken for 'total for creating and serializing project graph' 0.15829199999996035ms
[NX Daemon Server] - 2024-09-04T20:59:45.066Z - Done responding to the client project-graph
[NX Daemon Server] - 2024-09-04T20:59:45.066Z - Handled REQUEST_PROJECT_GRAPH. Handling time: 0. Response time: 2.
[NX Daemon Server] - 2024-09-04T20:59:45.072Z - [REQUEST]: Responding to the client. handleGlob
[NX Daemon Server] - 2024-09-04T20:59:45.072Z - Done responding to the client handleGlob
[NX Daemon Server] - 2024-09-04T20:59:45.072Z - Handled GLOB. Handling time: 1. Response time: 0.
[NX Daemon Server] - 2024-09-04T20:59:45.214Z - [WATCHER]: 0 file(s) created or restored, 3 file(s) modified, 0 file(s) deleted
[NX Daemon Server] - 2024-09-04T20:59:45.215Z - [WATCHER]: Processing file changes in outputs
[NX Daemon Server] - 2024-09-04T20:59:45.215Z - Closed a connection. Number of open connections: 0
[NX Daemon Server] - 2024-09-04T20:59:45.215Z - [WATCHER]: Stopping the watcher for /Users/robchang/Projects/aa-sdk (sources)
[NX Daemon Server] - 2024-09-04T20:59:45.215Z - [WATCHER]: Stopping the watcher for /Users/robchang/Projects/aa-sdk (outputs)
[NX Daemon Server] - 2024-09-04T20:59:45.215Z - Server stopped because: "Stopping the daemon the set of ignored files changed (native)"
[NX Daemon Server] - 2024-09-04T21:01:06.743Z - Started listening on: /var/folders/sj/frzx2sjd0591l8y9jrflvd2c0000gn/T/0b7afa2eedb615b789e4/d.sock
[NX Daemon Server] - 2024-09-04T21:01:06.745Z - [WATCHER]: Subscribed to changes within: /Users/robchang/Projects/aa-sdk (native)
[NX Daemon Server] - 2024-09-04T21:01:06.746Z - Established a connection. Number of open connections: 1
[NX Daemon Server] - 2024-09-04T21:01:06.746Z - Established a connection. Number of open connections: 2
[NX Daemon Server] - 2024-09-04T21:01:06.747Z - Closed a connection. Number of open connections: 1
[NX Daemon Server] - 2024-09-04T21:01:06.748Z - [REQUEST]: Client Request for Project Graph Received
[NX Daemon Server] - 2024-09-04T21:01:06.893Z - [REQUEST]: Updated workspace context based on watched changes, recomputing project graph...
[NX Daemon Server] - 2024-09-04T21:01:06.893Z - [REQUEST]: 
[NX Daemon Server] - 2024-09-04T21:01:06.893Z - [REQUEST]: 
[NX Daemon Server] - 2024-09-04T21:01:06.899Z - Time taken for 'loadNxPlugins' 144.286125ms
[NX Daemon Server] - 2024-09-04T21:01:07.167Z - Time taken for 'build-project-configs' 257.841625ms
[NX Daemon Server] - 2024-09-04T21:01:07.176Z - Time taken for '@nx/storybook/plugin:createDependencies' 11.572000000000003ms
[NX Daemon Server] - 2024-09-04T21:01:07.310Z - [SYNC]: collect registered sync generators
[NX Daemon Server] - 2024-09-04T21:01:07.310Z - [SYNC]: scheduling: []
[NX Daemon Server] - 2024-09-04T21:01:07.310Z - [REQUEST]: Responding to the client. project-graph
[NX Daemon Server] - 2024-09-04T21:01:07.311Z - Time taken for 'total for creating and serializing project graph' 562.8695ms
[NX Daemon Server] - 2024-09-04T21:01:07.313Z - Done responding to the client project-graph
[NX Daemon Server] - 2024-09-04T21:01:07.313Z - Handled REQUEST_PROJECT_GRAPH. Handling time: 562. Response time: 3.
[NX Daemon Server] - 2024-09-04T21:01:19.601Z - [REQUEST]: Client Request for Project Graph Received
[NX Daemon Server] - 2024-09-04T21:01:19.601Z - [REQUEST]: Responding to the client. project-graph
[NX Daemon Server] - 2024-09-04T21:01:19.602Z - Time taken for 'total for creating and serializing project graph' 0.1990830000013375ms
[NX Daemon Server] - 2024-09-04T21:01:19.604Z - Done responding to the client project-graph
[NX Daemon Server] - 2024-09-04T21:01:19.604Z - Handled REQUEST_PROJECT_GRAPH. Handling time: 0. Response time: 3.
[NX Daemon Server] - 2024-09-04T21:01:19.838Z - [WATCHER]: Processing file changes in outputs
[NX Daemon Server] - 2024-09-04T21:01:19.838Z - [WATCHER]: 5 file(s) created or restored, 3 file(s) modified, 0 file(s) deleted
[NX Daemon Server] - 2024-09-04T21:01:19.941Z - [REQUEST]: Updated workspace context based on watched changes, recomputing project graph...
[NX Daemon Server] - 2024-09-04T21:01:19.941Z - [REQUEST]: account-kit/react/tsconfig.storybook.json,account-kit/react/.storybook/preview.ts,tsconfig.base.json,.prettierrc,account-kit/react/.storybook/main.ts,account-kit/react/tsconfig.json,package.json,nx.json
[NX Daemon Server] - 2024-09-04T21:01:19.941Z - [REQUEST]: 
[NX Daemon Server] - 2024-09-04T21:01:19.946Z - Time taken for 'hash changed files from watcher' 1.0400829999998678ms
[NX Daemon Server] - 2024-09-04T21:01:19.946Z - Established a connection. Number of open connections: 2
[NX Daemon Server] - 2024-09-04T21:01:19.947Z - Closed a connection. Number of open connections: 1
[NX Daemon Server] - 2024-09-04T21:01:19.947Z - Established a connection. Number of open connections: 2
[NX Daemon Server] - 2024-09-04T21:01:19.948Z - [REQUEST]: Responding to the client. handleHashGlob
[NX Daemon Server] - 2024-09-04T21:01:19.948Z - Done responding to the client handleHashGlob
[NX Daemon Server] - 2024-09-04T21:01:19.948Z - Handled HASH_GLOB. Handling time: 1. Response time: 0.
NX  Falling back to ts-node for local typescript execution. This may be a little slower.
 - To fix this, ensure @swc-node/register and @swc/core have been installed
(node:98851) [DEP0180] DeprecationWarning: fs.Stats constructor is deprecated.
(Use `node --trace-deprecation ...` to show where the warning was created)
[NX Daemon Server] - 2024-09-04T21:01:47.183Z - [WATCHER]: Processing file changes in outputs
[NX Daemon Server] - 2024-09-04T21:01:47.183Z - Closed a connection. Number of open connections: 1
[NX Daemon Server] - 2024-09-04T21:01:47.183Z - Closed a connection. Number of open connections: 0
[NX Daemon Server] - 2024-09-04T21:01:47.183Z - [WATCHER]: Stopping the watcher for /Users/robchang/Projects/aa-sdk (sources)
[NX Daemon Server] - 2024-09-04T21:01:47.183Z - [WATCHER]: Stopping the watcher for /Users/robchang/Projects/aa-sdk (outputs)
[NX Daemon Server] - 2024-09-04T21:01:47.184Z - Server stopped because: "LOCK_FILES_CHANGED"
